--- Copying files at Thu Jul 29 17:39:15 CST 2021
--- Copying files at Thu Jul 29 17:44:20 CST 2021
--- Copying files at Tue Aug  3 10:33:48 CST 2021
--- Copying files at Mon Aug  9 11:14:08 CST 2021
--- Copying files at Tue Aug 10 10:39:14 CST 2021
--- Copying files at Mon Aug 16 10:27:23 CST 2021
--- Copying files at Mon Aug 16 11:57:37 CST 2021
--- Copying files at Wed Nov  3 10:02:16 CST 2021
--- Copying files at Sat Dec 18 13:58:00 CST 2021
--- Copying files at Tue Dec 28 11:22:10 CST 2021
--- Copying files at Fri Jan 14 08:53:23 CST 2022
--- Copying files at Fri Jan 14 13:36:24 CST 2022
--- Copying files at Sat Feb 26 06:39:23 CST 2022
--- Copying files at Thu Mar 31 10:02:05 CST 2022
--- Copying files at Fri Apr  1 10:25:56 CST 2022
--- Copying files at Fri Apr 15 21:48:16 CST 2022
--- Copying files at Thu Apr 21 06:49:39 CST 2022
--- Copying files at Wed Apr 27 21:23:15 CST 2022
--- Copying files at Thu Apr 28 10:24:57 CST 2022
--- Copying files at Mon Dec  5 15:03:17 CST 2022
--- Copying files at Mon Dec  5 15:06:06 CST 2022
--- Copying files at Mon Dec  5 15:28:42 CST 2022
--- Copying files at Mon Dec  5 16:16:29 CST 2022
--- Copying files at Mon Dec  5 16:20:32 CST 2022
--- Copying files at Mon Dec  5 16:20:33 CST 2022
--- Copying files at Mon Dec  5 16:20:35 CST 2022
--- Copying files at Mon Dec  5 16:20:37 CST 2022
--- Copying files at Mon Dec  5 16:20:39 CST 2022
--- Copying files at Mon Dec  5 16:20:42 CST 2022
--- Copying files at Mon Dec  5 16:20:47 CST 2022
--- Copying files at Mon Dec  5 16:20:54 CST 2022
--- Copying files at Mon Dec  5 16:21:09 CST 2022
--- Copying files at Mon Dec  5 16:21:35 CST 2022
--- Copying files at Mon Dec  5 16:22:28 CST 2022
--- Copying files at Mon Dec  5 16:23:30 CST 2022
--- Copying files at Mon Dec  5 16:24:31 CST 2022
--- Copying files at Mon Dec  5 16:25:33 CST 2022
--- Copying files at Mon Dec  5 16:26:34 CST 2022
--- Copying files at Mon Dec  5 16:27:36 CST 2022
--- Copying files at Mon Dec  5 16:28:38 CST 2022
--- Copying files at Mon Dec  5 16:29:40 CST 2022
--- Copying files at Mon Dec  5 16:30:41 CST 2022
--- Copying files at Mon Dec  5 16:31:43 CST 2022
--- Copying files at Mon Dec  5 16:32:46 CST 2022
--- Copying files at Mon Dec  5 16:33:47 CST 2022
--- Copying files at Mon Dec  5 16:34:49 CST 2022
--- Copying files at Mon Dec  5 16:35:50 CST 2022
--- Copying files at Mon Dec  5 16:36:52 CST 2022
--- Copying files at Mon Dec  5 16:37:53 CST 2022
--- Copying files at Mon Dec  5 16:38:55 CST 2022
--- Copying files at Mon Dec  5 16:39:00 CST 2022
--- Copying files at Mon Dec  5 16:41:41 CST 2022
--- Copying files at Mon Dec  5 16:45:46 CST 2022
--- Copying files at Mon Dec  5 16:45:49 CST 2022
--- Copying files at Mon Dec  5 16:45:51 CST 2022
--- Copying files at Mon Dec  5 16:45:53 CST 2022
--- Copying files at Mon Dec  5 16:45:55 CST 2022
--- Copying files at Mon Dec  5 16:45:58 CST 2022
--- Copying files at Mon Dec  5 16:46:03 CST 2022
--- Copying files at Mon Dec  5 16:46:11 CST 2022
--- Copying files at Mon Dec  5 16:46:25 CST 2022
--- Copying files at Mon Dec  5 16:47:10 CST 2022
--- Copying files at Mon Dec  5 16:47:12 CST 2022
--- Copying files at Mon Dec  5 16:47:14 CST 2022
--- Copying files at Mon Dec  5 16:47:16 CST 2022
--- Copying files at Mon Dec  5 16:47:18 CST 2022
--- Copying files at Mon Dec  5 16:47:21 CST 2022
--- Copying files at Mon Dec  5 16:47:26 CST 2022
--- Copying files at Mon Dec  5 16:47:34 CST 2022
--- Copying files at Mon Dec  5 16:47:48 CST 2022
--- Copying files at Mon Dec  5 16:48:15 CST 2022
--- Copying files at Mon Dec  5 16:49:08 CST 2022
--- Copying files at Mon Dec  5 16:50:10 CST 2022
--- Copying files at Mon Dec  5 16:51:11 CST 2022
--- Copying files at Mon Dec  5 16:52:13 CST 2022
--- Copying files at Mon Dec  5 16:53:15 CST 2022
--- Copying files at Mon Dec  5 16:54:16 CST 2022
--- Copying files at Mon Dec  5 16:54:41 CST 2022
--- Copying files at Mon Dec  5 16:54:43 CST 2022
--- Copying files at Mon Dec  5 16:54:45 CST 2022
--- Copying files at Mon Dec  5 16:54:47 CST 2022
--- Copying files at Mon Dec  5 16:54:49 CST 2022
--- Copying files at Mon Dec  5 16:54:52 CST 2022
--- Copying files at Mon Dec  5 16:54:57 CST 2022
--- Copying files at Mon Dec  5 16:55:05 CST 2022
--- Copying files at Mon Dec  5 16:55:20 CST 2022
--- Copying files at Mon Dec  5 16:55:46 CST 2022
--- Copying files at Mon Dec  5 16:56:32 CST 2022
--- Copying files at Mon Dec  5 19:15:38 CST 2022
--- Copying files at Mon Dec  5 19:19:31 CST 2022
--- Copying files at Mon Dec  5 19:31:12 CST 2022
--- Copying files at Mon Dec  5 19:33:15 CST 2022
--- Copying files at Mon Dec 19 13:47:10 CST 2022
--- Copying files at Mon Dec 19 16:45:04 CST 2022
--- Copying files at Mon Dec 19 17:11:21 CST 2022
--- Copying files at Mon Dec 19 18:44:34 CST 2022
--- Copying files at Tue Dec 27 10:42:20 CST 2022
--- Copying files at Wed Dec 28 10:37:45 CST 2022
--- Copying files at Thu Dec 29 10:31:44 CST 2022
--- Copying files at Sun Jan  1 12:25:16 CST 2023
--- Copying files at Thu Jan  5 15:12:41 CST 2023
--- Copying files at Sat Jan  7 16:26:31 CST 2023
--- Copying files at Thu Feb  2 14:41:30 CST 2023
--- Copying files at Fri Feb 24 17:27:10 CST 2023
--- Copying files at Fri Feb 24 18:36:49 CST 2023
--- Copying files at Mon Feb 27 18:56:43 CST 2023
--- Copying files at Mon Feb 27 20:54:57 CST 2023
--- Copying files at Tue Feb 28 12:59:20 CST 2023
--- Copying files at Tue Feb 28 13:04:51 CST 2023
--- Copying files at Wed Mar  1 18:40:30 CST 2023
--- Copying files at Mon Mar  6 09:23:36 CST 2023
--- Copying files at Wed Mar  8 15:49:18 CST 2023
--- Copying files at Wed Mar 15 10:52:33 CST 2023
--- Copying files at Thu Mar 16 04:07:19 CST 2023
--- Copying files at Mon Mar 20 10:44:53 CST 2023
--- Copying files at Mon Mar 20 18:16:55 CST 2023
--- Copying files at Sun Mar 26 11:45:45 CST 2023
--- Copying files at Sun Mar 26 12:11:27 CST 2023
--- Copying files at Mon Mar 27 12:00:51 CST 2023
--- Copying files at Fri Mar 31 10:33:34 CST 2023
--- Copying files at Sun Apr  2 14:06:59 CST 2023
--- Copying files at Thu Apr  6 10:08:02 CST 2023
--- Copying files at Thu Apr 13 11:33:47 CST 2023
