Determining if the pthread_create exist failed with the following output:
Change Dir: /home/jenkins/jenkins_home/jobs/rubby-slam_thirdparty-inside/workspace@2/Kimera-RPGO/build/CMakeFiles/CMakeTmp

Run Build Command:"/usr/bin/make" "cmTC_34989/fast"
/usr/bin/make -f CMakeFiles/cmTC_34989.dir/build.make CMakeFiles/cmTC_34989.dir/build
make[1]: Entering directory '/home/jenkins/jenkins_home/jobs/rubby-slam_thirdparty-inside/workspace@2/Kimera-RPGO/build/CMakeFiles/CMakeTmp'
Building CXX object CMakeFiles/cmTC_34989.dir/CheckSymbolExists.cxx.o
/usr/bin/c++     -o CMakeFiles/cmTC_34989.dir/CheckSymbolExists.cxx.o -c /home/jenkins/jenkins_home/jobs/rubby-slam_thirdparty-inside/workspace@2/Kimera-RPGO/build/CMakeFiles/CMakeTmp/CheckSymbolExists.cxx
Linking CXX executable cmTC_34989
/usr/bin/cmake -E cmake_link_script CMakeFiles/cmTC_34989.dir/link.txt --verbose=1
/usr/bin/c++       CMakeFiles/cmTC_34989.dir/CheckSymbolExists.cxx.o  -o cmTC_34989 
CMakeFiles/cmTC_34989.dir/CheckSymbolExists.cxx.o: In function `main':
CheckSymbolExists.cxx:(.text+0x14): undefined reference to `pthread_create'
CheckSymbolExists.cxx:(.text+0x18): undefined reference to `pthread_create'
collect2: error: ld returned 1 exit status
CMakeFiles/cmTC_34989.dir/build.make:97: recipe for target 'cmTC_34989' failed
make[1]: *** [cmTC_34989] Error 1
make[1]: Leaving directory '/home/jenkins/jenkins_home/jobs/rubby-slam_thirdparty-inside/workspace@2/Kimera-RPGO/build/CMakeFiles/CMakeTmp'
Makefile:126: recipe for target 'cmTC_34989/fast' failed
make: *** [cmTC_34989/fast] Error 2

File /home/jenkins/jenkins_home/jobs/rubby-slam_thirdparty-inside/workspace@2/Kimera-RPGO/build/CMakeFiles/CMakeTmp/CheckSymbolExists.cxx:
/* */
#include <pthread.h>

int main(int argc, char** argv)
{
  (void)argv;
#ifndef pthread_create
  return ((int*)(&pthread_create))[argc];
#else
  (void)argc;
  return 0;
#endif
}

Determining if the function pthread_create exists in the pthreads failed with the following output:
Change Dir: /home/jenkins/jenkins_home/jobs/rubby-slam_thirdparty-inside/workspace@2/Kimera-RPGO/build/CMakeFiles/CMakeTmp

Run Build Command:"/usr/bin/make" "cmTC_52227/fast"
/usr/bin/make -f CMakeFiles/cmTC_52227.dir/build.make CMakeFiles/cmTC_52227.dir/build
make[1]: Entering directory '/home/jenkins/jenkins_home/jobs/rubby-slam_thirdparty-inside/workspace@2/Kimera-RPGO/build/CMakeFiles/CMakeTmp'
Building CXX object CMakeFiles/cmTC_52227.dir/CheckFunctionExists.cxx.o
/usr/bin/c++    -DCHECK_FUNCTION_EXISTS=pthread_create   -o CMakeFiles/cmTC_52227.dir/CheckFunctionExists.cxx.o -c /home/jenkins/jenkins_home/jobs/rubby-slam_thirdparty-inside/workspace@2/Kimera-RPGO/build/CMakeFiles/CheckLibraryExists/CheckFunctionExists.cxx
Linking CXX executable cmTC_52227
/usr/bin/cmake -E cmake_link_script CMakeFiles/cmTC_52227.dir/link.txt --verbose=1
/usr/bin/c++   -DCHECK_FUNCTION_EXISTS=pthread_create    CMakeFiles/cmTC_52227.dir/CheckFunctionExists.cxx.o  -o cmTC_52227 -lpthreads 
/usr/bin/ld: cannot find -lpthreads
collect2: error: ld returned 1 exit status
CMakeFiles/cmTC_52227.dir/build.make:97: recipe for target 'cmTC_52227' failed
make[1]: *** [cmTC_52227] Error 1
make[1]: Leaving directory '/home/jenkins/jenkins_home/jobs/rubby-slam_thirdparty-inside/workspace@2/Kimera-RPGO/build/CMakeFiles/CMakeTmp'
Makefile:126: recipe for target 'cmTC_52227/fast' failed
make: *** [cmTC_52227/fast] Error 2


